[2026-03-01 01:50:40] INFO - ============================================================
[2026-03-01 01:50:40] INFO - GitHub Trending Scraper - Job Started
[2026-03-01 01:50:40] INFO - ============================================================
[2026-03-01 01:50:40] INFO - ============================================================
[2026-03-01 01:50:40] INFO - Archive Check - Started
[2026-03-01 01:50:40] INFO - ============================================================
[2026-03-01 01:50:41] INFO - [Archive] Months to archive: ['2026-02']
[2026-03-01 01:50:41] INFO - [Archive] Created ./archived/2026-02.md with 463 entries
[2026-03-01 01:50:41] INFO - [Cleanup] Removed 11 old entries (before 2025-12-31), kept 660
[2026-03-01 01:50:41] INFO - ============================================================
[2026-03-01 01:50:41] INFO - Archive Check - Completed
[2026-03-01 01:50:41] INFO - ============================================================
[2026-03-01 01:50:41] INFO - Loaded 43 archived files for deduplication
[2026-03-01 01:50:41] INFO - [All language] Starting scrape
[2026-03-01 01:50:41] DEBUG - Requesting: https://github.com/trending/
[2026-03-01 01:50:41] INFO - HTTP 200 - https://github.com/trending/
[2026-03-01 01:50:41] DEBUG - Parsed 17 items from HTML
[2026-03-01 01:50:41] DEBUG - Requesting: https://github.com/trending/?spoken_language_code=zh
[2026-03-01 01:50:43] INFO - HTTP 200 - https://github.com/trending/?spoken_language_code=zh
[2026-03-01 01:50:43] DEBUG - Parsed 19 items from HTML
[2026-03-01 01:50:43] INFO - [All language] Merged 36 unique items from both sources
[2026-03-01 01:50:43] INFO - [All language] Added 3 new items to README.md
[2026-03-01 01:50:45] INFO - [python] Starting scrape
[2026-03-01 01:50:45] DEBUG - Requesting: https://github.com/trending/python
[2026-03-01 01:50:45] INFO - HTTP 200 - https://github.com/trending/python
[2026-03-01 01:50:45] DEBUG - Parsed 16 items from HTML
[2026-03-01 01:50:45] DEBUG - Requesting: https://github.com/trending/python?spoken_language_code=zh
[2026-03-01 01:50:47] INFO - HTTP 200 - https://github.com/trending/python?spoken_language_code=zh
[2026-03-01 01:50:47] DEBUG - Parsed 19 items from HTML
[2026-03-01 01:50:47] INFO - [python] Merged 34 unique items from both sources
[2026-03-01 01:50:47] INFO - [python] Added 1 new items to README.md
[2026-03-01 01:50:49] INFO - [jupyter-notebook] Starting scrape
[2026-03-01 01:50:49] DEBUG - Requesting: https://github.com/trending/jupyter-notebook
[2026-03-01 01:50:52] INFO - HTTP 200 - https://github.com/trending/jupyter-notebook
[2026-03-01 01:50:52] DEBUG - Parsed 17 items from HTML
[2026-03-01 01:50:52] DEBUG - Requesting: https://github.com/trending/jupyter-notebook?spoken_language_code=zh
[2026-03-01 01:50:52] INFO - HTTP 200 - https://github.com/trending/jupyter-notebook?spoken_language_code=zh
[2026-03-01 01:50:52] DEBUG - Parsed 0 items from HTML
[2026-03-01 01:50:52] INFO - [jupyter-notebook] Merged 17 unique items from both sources
[2026-03-01 01:50:52] INFO - [jupyter-notebook] Added 3 new items to README.md
[2026-03-01 01:50:54] INFO - [typescript] Starting scrape
[2026-03-01 01:50:54] DEBUG - Requesting: https://github.com/trending/typescript
[2026-03-01 01:50:55] INFO - HTTP 200 - https://github.com/trending/typescript
[2026-03-01 01:50:55] DEBUG - Parsed 21 items from HTML
[2026-03-01 01:50:55] DEBUG - Requesting: https://github.com/trending/typescript?spoken_language_code=zh
[2026-03-01 01:50:56] INFO - HTTP 200 - https://github.com/trending/typescript?spoken_language_code=zh
[2026-03-01 01:50:56] DEBUG - Parsed 5 items from HTML
[2026-03-01 01:50:56] INFO - [typescript] Merged 26 unique items from both sources
[2026-03-01 01:50:56] INFO - [typescript] Added 4 new items to README.md
[2026-03-01 01:50:58] INFO - [javascript] Starting scrape
[2026-03-01 01:50:58] DEBUG - Requesting: https://github.com/trending/javascript
[2026-03-01 01:50:59] INFO - HTTP 200 - https://github.com/trending/javascript
[2026-03-01 01:50:59] DEBUG - Parsed 13 items from HTML
[2026-03-01 01:50:59] DEBUG - Requesting: https://github.com/trending/javascript?spoken_language_code=zh
[2026-03-01 01:51:00] INFO - HTTP 200 - https://github.com/trending/javascript?spoken_language_code=zh
[2026-03-01 01:51:00] DEBUG - Parsed 10 items from HTML
[2026-03-01 01:51:00] INFO - [javascript] Merged 23 unique items from both sources
[2026-03-01 01:51:00] INFO - [javascript] Added 1 new items to README.md
[2026-03-01 01:51:02] INFO - [rust] Starting scrape
[2026-03-01 01:51:02] DEBUG - Requesting: https://github.com/trending/rust
[2026-03-01 01:51:02] INFO - HTTP 200 - https://github.com/trending/rust
[2026-03-01 01:51:02] DEBUG - Parsed 18 items from HTML
[2026-03-01 01:51:02] DEBUG - Requesting: https://github.com/trending/rust?spoken_language_code=zh
[2026-03-01 01:51:03] INFO - HTTP 200 - https://github.com/trending/rust?spoken_language_code=zh
[2026-03-01 01:51:03] DEBUG - Parsed 0 items from HTML
[2026-03-01 01:51:03] INFO - [rust] Merged 18 unique items from both sources
[2026-03-01 01:51:03] INFO - [rust] Added 2 new items to README.md
[2026-03-01 01:51:05] INFO - [java] Starting scrape
[2026-03-01 01:51:05] DEBUG - Requesting: https://github.com/trending/java
[2026-03-01 01:51:06] INFO - HTTP 200 - https://github.com/trending/java
[2026-03-01 01:51:06] DEBUG - Parsed 22 items from HTML
[2026-03-01 01:51:06] DEBUG - Requesting: https://github.com/trending/java?spoken_language_code=zh
[2026-03-01 01:51:07] INFO - HTTP 200 - https://github.com/trending/java?spoken_language_code=zh
[2026-03-01 01:51:07] DEBUG - Parsed 7 items from HTML
[2026-03-01 01:51:07] INFO - [java] Merged 27 unique items from both sources
[2026-03-01 01:51:07] INFO - [java] No new distinct results (all duplicates)
[2026-03-01 01:51:09] INFO - [go] Starting scrape
[2026-03-01 01:51:09] DEBUG - Requesting: https://github.com/trending/go
[2026-03-01 01:51:10] INFO - HTTP 200 - https://github.com/trending/go
[2026-03-01 01:51:10] DEBUG - Parsed 16 items from HTML
[2026-03-01 01:51:10] DEBUG - Requesting: https://github.com/trending/go?spoken_language_code=zh
[2026-03-01 01:51:10] INFO - HTTP 200 - https://github.com/trending/go?spoken_language_code=zh
[2026-03-01 01:51:10] DEBUG - Parsed 7 items from HTML
[2026-03-01 01:51:10] INFO - [go] Merged 23 unique items from both sources
[2026-03-01 01:51:10] INFO - [go] No new distinct results (all duplicates)
[2026-03-01 01:51:12] INFO - [c] Starting scrape
[2026-03-01 01:51:12] DEBUG - Requesting: https://github.com/trending/c
[2026-03-01 01:51:14] INFO - HTTP 200 - https://github.com/trending/c
[2026-03-01 01:51:14] DEBUG - Parsed 20 items from HTML
[2026-03-01 01:51:14] DEBUG - Requesting: https://github.com/trending/c?spoken_language_code=zh
[2026-03-01 01:51:14] INFO - HTTP 200 - https://github.com/trending/c?spoken_language_code=zh
[2026-03-01 01:51:14] DEBUG - Parsed 4 items from HTML
[2026-03-01 01:51:14] INFO - [c] Merged 24 unique items from both sources
[2026-03-01 01:51:14] INFO - [c] No new distinct results (all duplicates)
[2026-03-01 01:51:16] INFO - [c++] Starting scrape
[2026-03-01 01:51:16] DEBUG - Requesting: https://github.com/trending/c%2B%2B
[2026-03-01 01:51:17] INFO - HTTP 200 - https://github.com/trending/c%2B%2B
[2026-03-01 01:51:17] DEBUG - Parsed 21 items from HTML
[2026-03-01 01:51:17] DEBUG - Requesting: https://github.com/trending/c%2B%2B?spoken_language_code=zh
[2026-03-01 01:51:18] INFO - HTTP 200 - https://github.com/trending/c%2B%2B?spoken_language_code=zh
[2026-03-01 01:51:18] DEBUG - Parsed 4 items from HTML
[2026-03-01 01:51:18] INFO - [c++] Merged 25 unique items from both sources
[2026-03-01 01:51:18] INFO - [c++] No new distinct results (all duplicates)
[2026-03-01 01:51:20] INFO - [c#] Starting scrape
[2026-03-01 01:51:20] DEBUG - Requesting: https://github.com/trending/c%23
[2026-03-01 01:51:21] INFO - HTTP 200 - https://github.com/trending/c%23
[2026-03-01 01:51:21] DEBUG - Parsed 22 items from HTML
[2026-03-01 01:51:21] DEBUG - Requesting: https://github.com/trending/c%23?spoken_language_code=zh
[2026-03-01 01:51:21] INFO - HTTP 200 - https://github.com/trending/c%23?spoken_language_code=zh
[2026-03-01 01:51:21] DEBUG - Parsed 5 items from HTML
[2026-03-01 01:51:21] INFO - [c#] Merged 27 unique items from both sources
[2026-03-01 01:51:21] INFO - [c#] No new distinct results (all duplicates)
[2026-03-01 01:51:23] INFO - [html] Starting scrape
[2026-03-01 01:51:23] DEBUG - Requesting: https://github.com/trending/html
[2026-03-01 01:51:24] INFO - HTTP 200 - https://github.com/trending/html
[2026-03-01 01:51:24] DEBUG - Parsed 7 items from HTML
[2026-03-01 01:51:24] DEBUG - Requesting: https://github.com/trending/html?spoken_language_code=zh
[2026-03-01 01:51:25] INFO - HTTP 200 - https://github.com/trending/html?spoken_language_code=zh
[2026-03-01 01:51:25] DEBUG - Parsed 1 items from HTML
[2026-03-01 01:51:25] INFO - [html] Merged 8 unique items from both sources
[2026-03-01 01:51:25] INFO - [html] No new distinct results (all duplicates)
[2026-03-01 01:51:27] INFO - [shell] Starting scrape
[2026-03-01 01:51:27] DEBUG - Requesting: https://github.com/trending/shell
[2026-03-01 01:51:27] INFO - HTTP 200 - https://github.com/trending/shell
[2026-03-01 01:51:27] DEBUG - Parsed 10 items from HTML
[2026-03-01 01:51:27] DEBUG - Requesting: https://github.com/trending/shell?spoken_language_code=zh
[2026-03-01 01:51:28] INFO - HTTP 200 - https://github.com/trending/shell?spoken_language_code=zh
[2026-03-01 01:51:28] DEBUG - Parsed 1 items from HTML
[2026-03-01 01:51:28] INFO - [shell] Merged 11 unique items from both sources
[2026-03-01 01:51:28] INFO - [shell] No new distinct results (all duplicates)
[2026-03-01 01:51:30] INFO - [css] Starting scrape
[2026-03-01 01:51:30] DEBUG - Requesting: https://github.com/trending/css
[2026-03-01 01:51:30] INFO - HTTP 200 - https://github.com/trending/css
[2026-03-01 01:51:30] DEBUG - Parsed 10 items from HTML
[2026-03-01 01:51:30] DEBUG - Requesting: https://github.com/trending/css?spoken_language_code=zh
[2026-03-01 01:51:31] INFO - HTTP 200 - https://github.com/trending/css?spoken_language_code=zh
[2026-03-01 01:51:31] DEBUG - Parsed 0 items from HTML
[2026-03-01 01:51:31] INFO - [css] Merged 10 unique items from both sources
[2026-03-01 01:51:31] INFO - [css] No new distinct results (all duplicates)
[2026-03-01 01:51:33] INFO - [unknown] Starting scrape
[2026-03-01 01:51:33] DEBUG - Requesting: https://github.com/trending/unknown
[2026-03-01 01:51:34] INFO - HTTP 200 - https://github.com/trending/unknown
[2026-03-01 01:51:34] DEBUG - Parsed 9 items from HTML
[2026-03-01 01:51:34] DEBUG - Requesting: https://github.com/trending/unknown?spoken_language_code=zh
[2026-03-01 01:51:35] INFO - HTTP 200 - https://github.com/trending/unknown?spoken_language_code=zh
[2026-03-01 01:51:35] DEBUG - Parsed 9 items from HTML
[2026-03-01 01:51:35] INFO - [unknown] Merged 17 unique items from both sources
[2026-03-01 01:51:35] INFO - [unknown] Added 1 new items to README.md
[2026-03-01 01:51:37] INFO - ============================================================
[2026-03-01 01:51:37] INFO - Job Summary:
[2026-03-01 01:51:37] INFO -   Languages processed: 15
[2026-03-01 01:51:37] INFO -   Total items scraped: 326
[2026-03-01 01:51:37] INFO -   Errors encountered: 0
[2026-03-01 01:51:37] INFO -   Execution time: 56.25 seconds
[2026-03-01 01:51:37] INFO - ============================================================
[2026-03-02 01:42:54] INFO - ============================================================
[2026-03-02 01:42:54] INFO - GitHub Trending Scraper - Job Started
[2026-03-02 01:42:54] INFO - ============================================================
[2026-03-02 01:42:54] INFO - ============================================================
[2026-03-02 01:42:54] INFO - Archive Check - Started
[2026-03-02 01:42:54] INFO - ============================================================
[2026-03-02 01:42:54] INFO - [Archive] No months need to be archived
[2026-03-02 01:42:54] INFO - [Cleanup] Removed 5 old entries (before 2026-01-01), kept 670
[2026-03-02 01:42:54] INFO - ============================================================
[2026-03-02 01:42:54] INFO - Archive Check - Completed
[2026-03-02 01:42:54] INFO - ============================================================
[2026-03-02 01:42:54] INFO - Loaded 43 archived files for deduplication
[2026-03-02 01:42:54] INFO - [All language] Starting scrape
[2026-03-02 01:42:54] DEBUG - Requesting: https://github.com/trending/
[2026-03-02 01:42:55] INFO - HTTP 200 - https://github.com/trending/
[2026-03-02 01:42:55] DEBUG - Parsed 13 items from HTML
[2026-03-02 01:42:55] DEBUG - Requesting: https://github.com/trending/?spoken_language_code=zh
[2026-03-02 01:42:56] INFO - HTTP 200 - https://github.com/trending/?spoken_language_code=zh
[2026-03-02 01:42:57] DEBUG - Parsed 21 items from HTML
[2026-03-02 01:42:57] INFO - [All language] Merged 34 unique items from both sources
[2026-03-02 01:42:57] INFO - [All language] No new distinct results (all duplicates)
[2026-03-02 01:42:59] INFO - [python] Starting scrape
[2026-03-02 01:42:59] DEBUG - Requesting: https://github.com/trending/python
[2026-03-02 01:43:00] INFO - HTTP 200 - https://github.com/trending/python
[2026-03-02 01:43:00] DEBUG - Parsed 18 items from HTML
[2026-03-02 01:43:00] DEBUG - Requesting: https://github.com/trending/python?spoken_language_code=zh
[2026-03-02 01:43:00] INFO - HTTP 200 - https://github.com/trending/python?spoken_language_code=zh
[2026-03-02 01:43:00] DEBUG - Parsed 17 items from HTML
[2026-03-02 01:43:00] INFO - [python] Merged 35 unique items from both sources
[2026-03-02 01:43:00] INFO - [python] No new distinct results (all duplicates)
[2026-03-02 01:43:02] INFO - [jupyter-notebook] Starting scrape
[2026-03-02 01:43:02] DEBUG - Requesting: https://github.com/trending/jupyter-notebook
[2026-03-02 01:43:04] INFO - HTTP 200 - https://github.com/trending/jupyter-notebook
[2026-03-02 01:43:04] DEBUG - Parsed 12 items from HTML
[2026-03-02 01:43:04] DEBUG - Requesting: https://github.com/trending/jupyter-notebook?spoken_language_code=zh
[2026-03-02 01:43:04] INFO - HTTP 200 - https://github.com/trending/jupyter-notebook?spoken_language_code=zh
[2026-03-02 01:43:04] DEBUG - Parsed 1 items from HTML
[2026-03-02 01:43:04] INFO - [jupyter-notebook] Merged 13 unique items from both sources
[2026-03-02 01:43:04] INFO - [jupyter-notebook] No new distinct results (all duplicates)
[2026-03-02 01:43:06] INFO - [typescript] Starting scrape
[2026-03-02 01:43:06] DEBUG - Requesting: https://github.com/trending/typescript
[2026-03-02 01:43:09] INFO - HTTP 200 - https://github.com/trending/typescript
[2026-03-02 01:43:09] DEBUG - Parsed 11 items from HTML
[2026-03-02 01:43:09] DEBUG - Requesting: https://github.com/trending/typescript?spoken_language_code=zh
[2026-03-02 01:43:10] INFO - HTTP 200 - https://github.com/trending/typescript?spoken_language_code=zh
[2026-03-02 01:43:10] DEBUG - Parsed 8 items from HTML
[2026-03-02 01:43:10] INFO - [typescript] Merged 19 unique items from both sources
[2026-03-02 01:43:10] INFO - [typescript] Added 1 new items to README.md
[2026-03-02 01:43:12] INFO - [javascript] Starting scrape
[2026-03-02 01:43:12] DEBUG - Requesting: https://github.com/trending/javascript
[2026-03-02 01:43:13] INFO - HTTP 200 - https://github.com/trending/javascript
[2026-03-02 01:43:13] DEBUG - Parsed 8 items from HTML
[2026-03-02 01:43:13] DEBUG - Requesting: https://github.com/trending/javascript?spoken_language_code=zh
[2026-03-02 01:43:14] INFO - HTTP 200 - https://github.com/trending/javascript?spoken_language_code=zh
[2026-03-02 01:43:14] DEBUG - Parsed 12 items from HTML
[2026-03-02 01:43:14] INFO - [javascript] Merged 20 unique items from both sources
[2026-03-02 01:43:14] INFO - [javascript] No new distinct results (all duplicates)
[2026-03-02 01:43:16] INFO - [rust] Starting scrape
[2026-03-02 01:43:16] DEBUG - Requesting: https://github.com/trending/rust
[2026-03-02 01:43:17] INFO - HTTP 200 - https://github.com/trending/rust
[2026-03-02 01:43:17] DEBUG - Parsed 16 items from HTML
[2026-03-02 01:43:17] DEBUG - Requesting: https://github.com/trending/rust?spoken_language_code=zh
[2026-03-02 01:43:17] INFO - HTTP 200 - https://github.com/trending/rust?spoken_language_code=zh
[2026-03-02 01:43:17] DEBUG - Parsed 0 items from HTML
[2026-03-02 01:43:17] INFO - [rust] Merged 16 unique items from both sources
[2026-03-02 01:43:17] INFO - [rust] Added 1 new items to README.md
[2026-03-02 01:43:19] INFO - [java] Starting scrape
[2026-03-02 01:43:19] DEBUG - Requesting: https://github.com/trending/java
[2026-03-02 01:43:20] INFO - HTTP 200 - https://github.com/trending/java
[2026-03-02 01:43:20] DEBUG - Parsed 19 items from HTML
[2026-03-02 01:43:20] DEBUG - Requesting: https://github.com/trending/java?spoken_language_code=zh
[2026-03-02 01:43:21] INFO - HTTP 200 - https://github.com/trending/java?spoken_language_code=zh
[2026-03-02 01:43:21] DEBUG - Parsed 9 items from HTML
[2026-03-02 01:43:21] INFO - [java] Merged 26 unique items from both sources
[2026-03-02 01:43:21] INFO - [java] No new distinct results (all duplicates)
[2026-03-02 01:43:23] INFO - [go] Starting scrape
[2026-03-02 01:43:23] DEBUG - Requesting: https://github.com/trending/go
[2026-03-02 01:43:24] INFO - HTTP 200 - https://github.com/trending/go
[2026-03-02 01:43:24] DEBUG - Parsed 16 items from HTML
[2026-03-02 01:43:24] DEBUG - Requesting: https://github.com/trending/go?spoken_language_code=zh
[2026-03-02 01:43:24] INFO - HTTP 200 - https://github.com/trending/go?spoken_language_code=zh
[2026-03-02 01:43:24] DEBUG - Parsed 7 items from HTML
[2026-03-02 01:43:24] INFO - [go] Merged 22 unique items from both sources
[2026-03-02 01:43:24] INFO - [go] No new distinct results (all duplicates)
[2026-03-02 01:43:26] INFO - [c] Starting scrape
[2026-03-02 01:43:26] DEBUG - Requesting: https://github.com/trending/c
[2026-03-02 01:43:27] INFO - HTTP 200 - https://github.com/trending/c
[2026-03-02 01:43:27] DEBUG - Parsed 19 items from HTML
[2026-03-02 01:43:27] DEBUG - Requesting: https://github.com/trending/c?spoken_language_code=zh
[2026-03-02 01:43:28] INFO - HTTP 200 - https://github.com/trending/c?spoken_language_code=zh
[2026-03-02 01:43:28] DEBUG - Parsed 3 items from HTML
[2026-03-02 01:43:28] INFO - [c] Merged 21 unique items from both sources
[2026-03-02 01:43:28] INFO - [c] Added 2 new items to README.md
[2026-03-02 01:43:30] INFO - [c++] Starting scrape
[2026-03-02 01:43:30] DEBUG - Requesting: https://github.com/trending/c%2B%2B
[2026-03-02 01:43:31] INFO - HTTP 200 - https://github.com/trending/c%2B%2B
[2026-03-02 01:43:31] DEBUG - Parsed 24 items from HTML
[2026-03-02 01:43:31] DEBUG - Requesting: https://github.com/trending/c%2B%2B?spoken_language_code=zh
[2026-03-02 01:43:31] INFO - HTTP 200 - https://github.com/trending/c%2B%2B?spoken_language_code=zh
[2026-03-02 01:43:31] DEBUG - Parsed 6 items from HTML
[2026-03-02 01:43:31] INFO - [c++] Merged 30 unique items from both sources
[2026-03-02 01:43:31] INFO - [c++] Added 1 new items to README.md
[2026-03-02 01:43:33] INFO - [c#] Starting scrape
[2026-03-02 01:43:33] DEBUG - Requesting: https://github.com/trending/c%23
[2026-03-02 01:43:34] INFO - HTTP 200 - https://github.com/trending/c%23
[2026-03-02 01:43:34] DEBUG - Parsed 22 items from HTML
[2026-03-02 01:43:34] DEBUG - Requesting: https://github.com/trending/c%23?spoken_language_code=zh
[2026-03-02 01:43:35] INFO - HTTP 200 - https://github.com/trending/c%23?spoken_language_code=zh
[2026-03-02 01:43:35] DEBUG - Parsed 6 items from HTML
[2026-03-02 01:43:35] INFO - [c#] Merged 28 unique items from both sources
[2026-03-02 01:43:35] INFO - [c#] No new distinct results (all duplicates)
[2026-03-02 01:43:37] INFO - [html] Starting scrape
[2026-03-02 01:43:37] DEBUG - Requesting: https://github.com/trending/html
[2026-03-02 01:43:38] INFO - HTTP 200 - https://github.com/trending/html
[2026-03-02 01:43:38] DEBUG - Parsed 12 items from HTML
[2026-03-02 01:43:38] DEBUG - Requesting: https://github.com/trending/html?spoken_language_code=zh
[2026-03-02 01:43:38] INFO - HTTP 200 - https://github.com/trending/html?spoken_language_code=zh
[2026-03-02 01:43:38] DEBUG - Parsed 0 items from HTML
[2026-03-02 01:43:38] INFO - [html] Merged 12 unique items from both sources
[2026-03-02 01:43:38] INFO - [html] No new distinct results (all duplicates)
[2026-03-02 01:43:40] INFO - [shell] Starting scrape
[2026-03-02 01:43:40] DEBUG - Requesting: https://github.com/trending/shell
[2026-03-02 01:43:41] INFO - HTTP 200 - https://github.com/trending/shell
[2026-03-02 01:43:41] DEBUG - Parsed 13 items from HTML
[2026-03-02 01:43:41] DEBUG - Requesting: https://github.com/trending/shell?spoken_language_code=zh
[2026-03-02 01:43:42] INFO - HTTP 200 - https://github.com/trending/shell?spoken_language_code=zh
[2026-03-02 01:43:42] DEBUG - Parsed 2 items from HTML
[2026-03-02 01:43:42] INFO - [shell] Merged 15 unique items from both sources
[2026-03-02 01:43:42] INFO - [shell] Added 1 new items to README.md
[2026-03-02 01:43:44] INFO - [css] Starting scrape
[2026-03-02 01:43:44] DEBUG - Requesting: https://github.com/trending/css
[2026-03-02 01:43:45] INFO - HTTP 200 - https://github.com/trending/css
[2026-03-02 01:43:45] DEBUG - Parsed 11 items from HTML
[2026-03-02 01:43:45] DEBUG - Requesting: https://github.com/trending/css?spoken_language_code=zh
[2026-03-02 01:43:46] INFO - HTTP 200 - https://github.com/trending/css?spoken_language_code=zh
[2026-03-02 01:43:46] DEBUG - Parsed 0 items from HTML
[2026-03-02 01:43:46] INFO - [css] Merged 11 unique items from both sources
[2026-03-02 01:43:46] INFO - [css] No new distinct results (all duplicates)
[2026-03-02 01:43:48] INFO - [unknown] Starting scrape
[2026-03-02 01:43:48] DEBUG - Requesting: https://github.com/trending/unknown
[2026-03-02 01:43:49] INFO - HTTP 200 - https://github.com/trending/unknown
[2026-03-02 01:43:49] DEBUG - Parsed 2 items from HTML
[2026-03-02 01:43:49] DEBUG - Requesting: https://github.com/trending/unknown?spoken_language_code=zh
[2026-03-02 01:43:50] INFO - HTTP 200 - https://github.com/trending/unknown?spoken_language_code=zh
[2026-03-02 01:43:50] DEBUG - Parsed 9 items from HTML
[2026-03-02 01:43:50] INFO - [unknown] Merged 11 unique items from both sources
[2026-03-02 01:43:50] INFO - [unknown] No new distinct results (all duplicates)
[2026-03-02 01:43:52] INFO - ============================================================
[2026-03-02 01:43:52] INFO - Job Summary:
[2026-03-02 01:43:52] INFO -   Languages processed: 15
[2026-03-02 01:43:52] INFO -   Total items scraped: 313
[2026-03-02 01:43:52] INFO -   Errors encountered: 0
[2026-03-02 01:43:52] INFO -   Execution time: 57.35 seconds
[2026-03-02 01:43:52] INFO - ============================================================
[2026-03-03 01:45:16] INFO - ============================================================
[2026-03-03 01:45:16] INFO - GitHub Trending Scraper - Job Started
[2026-03-03 01:45:16] INFO - ============================================================
[2026-03-03 01:45:16] INFO - ============================================================
[2026-03-03 01:45:16] INFO - Archive Check - Started
[2026-03-03 01:45:16] INFO - ============================================================
[2026-03-03 01:45:16] INFO - [Archive] No months need to be archived
[2026-03-03 01:45:16] INFO - [Cleanup] Removed 4 old entries (before 2026-01-02), kept 672
[2026-03-03 01:45:16] INFO - ============================================================
[2026-03-03 01:45:16] INFO - Archive Check - Completed
[2026-03-03 01:45:16] INFO - ============================================================
[2026-03-03 01:45:16] INFO - Loaded 43 archived files for deduplication
[2026-03-03 01:45:16] INFO - [All language] Starting scrape
[2026-03-03 01:45:16] DEBUG - Requesting: https://github.com/trending/
[2026-03-03 01:45:17] INFO - HTTP 200 - https://github.com/trending/
[2026-03-03 01:45:17] DEBUG - Parsed 9 items from HTML
[2026-03-03 01:45:17] DEBUG - Requesting: https://github.com/trending/?spoken_language_code=zh
[2026-03-03 01:45:18] INFO - HTTP 200 - https://github.com/trending/?spoken_language_code=zh
[2026-03-03 01:45:18] DEBUG - Parsed 17 items from HTML
[2026-03-03 01:45:18] INFO - [All language] Merged 26 unique items from both sources
[2026-03-03 01:45:18] INFO - [All language] No new distinct results (all duplicates)
[2026-03-03 01:45:20] INFO - [python] Starting scrape
[2026-03-03 01:45:20] DEBUG - Requesting: https://github.com/trending/python
[2026-03-03 01:45:22] INFO - HTTP 200 - https://github.com/trending/python
[2026-03-03 01:45:22] DEBUG - Parsed 14 items from HTML
[2026-03-03 01:45:22] DEBUG - Requesting: https://github.com/trending/python?spoken_language_code=zh
[2026-03-03 01:45:23] INFO - HTTP 200 - https://github.com/trending/python?spoken_language_code=zh
[2026-03-03 01:45:23] DEBUG - Parsed 11 items from HTML
[2026-03-03 01:45:23] INFO - [python] Merged 25 unique items from both sources
[2026-03-03 01:45:23] INFO - [python] Added 1 new items to README.md
[2026-03-03 01:45:25] INFO - [jupyter-notebook] Starting scrape
[2026-03-03 01:45:25] DEBUG - Requesting: https://github.com/trending/jupyter-notebook
[2026-03-03 01:45:26] INFO - HTTP 200 - https://github.com/trending/jupyter-notebook
[2026-03-03 01:45:26] DEBUG - Parsed 13 items from HTML
[2026-03-03 01:45:26] DEBUG - Requesting: https://github.com/trending/jupyter-notebook?spoken_language_code=zh
[2026-03-03 01:45:26] INFO - HTTP 200 - https://github.com/trending/jupyter-notebook?spoken_language_code=zh
[2026-03-03 01:45:26] DEBUG - Parsed 0 items from HTML
[2026-03-03 01:45:26] INFO - [jupyter-notebook] Merged 13 unique items from both sources
[2026-03-03 01:45:26] INFO - [jupyter-notebook] Added 1 new items to README.md
[2026-03-03 01:45:28] INFO - [typescript] Starting scrape
[2026-03-03 01:45:28] DEBUG - Requesting: https://github.com/trending/typescript
[2026-03-03 01:45:29] INFO - HTTP 200 - https://github.com/trending/typescript
[2026-03-03 01:45:29] DEBUG - Parsed 10 items from HTML
[2026-03-03 01:45:29] DEBUG - Requesting: https://github.com/trending/typescript?spoken_language_code=zh
[2026-03-03 01:45:30] INFO - HTTP 200 - https://github.com/trending/typescript?spoken_language_code=zh
[2026-03-03 01:45:30] DEBUG - Parsed 4 items from HTML
[2026-03-03 01:45:30] INFO - [typescript] Merged 14 unique items from both sources
[2026-03-03 01:45:30] INFO - [typescript] No new distinct results (all duplicates)
[2026-03-03 01:45:32] INFO - [javascript] Starting scrape
[2026-03-03 01:45:32] DEBUG - Requesting: https://github.com/trending/javascript
[2026-03-03 01:45:33] INFO - HTTP 200 - https://github.com/trending/javascript
[2026-03-03 01:45:33] DEBUG - Parsed 9 items from HTML
[2026-03-03 01:45:33] DEBUG - Requesting: https://github.com/trending/javascript?spoken_language_code=zh
[2026-03-03 01:45:34] INFO - HTTP 200 - https://github.com/trending/javascript?spoken_language_code=zh
[2026-03-03 01:45:34] DEBUG - Parsed 12 items from HTML
[2026-03-03 01:45:34] INFO - [javascript] Merged 21 unique items from both sources
[2026-03-03 01:45:34] INFO - [javascript] Added 1 new items to README.md
[2026-03-03 01:45:36] INFO - [rust] Starting scrape
[2026-03-03 01:45:36] DEBUG - Requesting: https://github.com/trending/rust
[2026-03-03 01:45:37] INFO - HTTP 200 - https://github.com/trending/rust
[2026-03-03 01:45:37] DEBUG - Parsed 18 items from HTML
[2026-03-03 01:45:37] DEBUG - Requesting: https://github.com/trending/rust?spoken_language_code=zh
[2026-03-03 01:45:38] INFO - HTTP 200 - https://github.com/trending/rust?spoken_language_code=zh
[2026-03-03 01:45:38] DEBUG - Parsed 0 items from HTML
[2026-03-03 01:45:38] INFO - [rust] Merged 18 unique items from both sources
[2026-03-03 01:45:38] INFO - [rust] Added 5 new items to README.md
[2026-03-03 01:45:40] INFO - [java] Starting scrape
[2026-03-03 01:45:40] DEBUG - Requesting: https://github.com/trending/java
[2026-03-03 01:45:41] INFO - HTTP 200 - https://github.com/trending/java
[2026-03-03 01:45:41] DEBUG - Parsed 21 items from HTML
[2026-03-03 01:45:41] DEBUG - Requesting: https://github.com/trending/java?spoken_language_code=zh
[2026-03-03 01:45:41] INFO - HTTP 200 - https://github.com/trending/java?spoken_language_code=zh
[2026-03-03 01:45:41] DEBUG - Parsed 3 items from HTML
[2026-03-03 01:45:41] INFO - [java] Merged 24 unique items from both sources
[2026-03-03 01:45:41] INFO - [java] No new distinct results (all duplicates)
[2026-03-03 01:45:43] INFO - [go] Starting scrape
[2026-03-03 01:45:43] DEBUG - Requesting: https://github.com/trending/go
[2026-03-03 01:45:44] INFO - HTTP 200 - https://github.com/trending/go
[2026-03-03 01:45:44] DEBUG - Parsed 17 items from HTML
[2026-03-03 01:45:44] DEBUG - Requesting: https://github.com/trending/go?spoken_language_code=zh
[2026-03-03 01:45:45] INFO - HTTP 200 - https://github.com/trending/go?spoken_language_code=zh
[2026-03-03 01:45:45] DEBUG - Parsed 6 items from HTML
[2026-03-03 01:45:45] INFO - [go] Merged 23 unique items from both sources
[2026-03-03 01:45:45] INFO - [go] No new distinct results (all duplicates)
[2026-03-03 01:45:47] INFO - [c] Starting scrape
[2026-03-03 01:45:47] DEBUG - Requesting: https://github.com/trending/c
[2026-03-03 01:45:48] INFO - HTTP 200 - https://github.com/trending/c
[2026-03-03 01:45:48] DEBUG - Parsed 22 items from HTML
[2026-03-03 01:45:48] DEBUG - Requesting: https://github.com/trending/c?spoken_language_code=zh
[2026-03-03 01:45:49] INFO - HTTP 200 - https://github.com/trending/c?spoken_language_code=zh
[2026-03-03 01:45:49] DEBUG - Parsed 4 items from HTML
[2026-03-03 01:45:49] INFO - [c] Merged 25 unique items from both sources
[2026-03-03 01:45:49] INFO - [c] No new distinct results (all duplicates)
[2026-03-03 01:45:51] INFO - [c++] Starting scrape
[2026-03-03 01:45:51] DEBUG - Requesting: https://github.com/trending/c%2B%2B
[2026-03-03 01:45:52] INFO - HTTP 200 - https://github.com/trending/c%2B%2B
[2026-03-03 01:45:52] DEBUG - Parsed 24 items from HTML
[2026-03-03 01:45:52] DEBUG - Requesting: https://github.com/trending/c%2B%2B?spoken_language_code=zh
[2026-03-03 01:45:53] INFO - HTTP 200 - https://github.com/trending/c%2B%2B?spoken_language_code=zh
[2026-03-03 01:45:53] DEBUG - Parsed 7 items from HTML
[2026-03-03 01:45:53] INFO - [c++] Merged 31 unique items from both sources
[2026-03-03 01:45:53] INFO - [c++] Added 1 new items to README.md
[2026-03-03 01:45:55] INFO - [c#] Starting scrape
[2026-03-03 01:45:55] DEBUG - Requesting: https://github.com/trending/c%23
[2026-03-03 01:45:56] INFO - HTTP 200 - https://github.com/trending/c%23
[2026-03-03 01:45:56] DEBUG - Parsed 19 items from HTML
[2026-03-03 01:45:56] DEBUG - Requesting: https://github.com/trending/c%23?spoken_language_code=zh
[2026-03-03 01:45:57] INFO - HTTP 200 - https://github.com/trending/c%23?spoken_language_code=zh
[2026-03-03 01:45:57] DEBUG - Parsed 8 items from HTML
[2026-03-03 01:45:57] INFO - [c#] Merged 27 unique items from both sources
[2026-03-03 01:45:57] INFO - [c#] No new distinct results (all duplicates)
[2026-03-03 01:45:59] INFO - [html] Starting scrape
[2026-03-03 01:45:59] DEBUG - Requesting: https://github.com/trending/html
[2026-03-03 01:46:00] INFO - HTTP 200 - https://github.com/trending/html
[2026-03-03 01:46:00] DEBUG - Parsed 14 items from HTML
[2026-03-03 01:46:00] DEBUG - Requesting: https://github.com/trending/html?spoken_language_code=zh
[2026-03-03 01:46:01] INFO - HTTP 200 - https://github.com/trending/html?spoken_language_code=zh
[2026-03-03 01:46:01] DEBUG - Parsed 0 items from HTML
[2026-03-03 01:46:01] INFO - [html] Merged 14 unique items from both sources
[2026-03-03 01:46:01] INFO - [html] Added 1 new items to README.md
[2026-03-03 01:46:03] INFO - [shell] Starting scrape
[2026-03-03 01:46:03] DEBUG - Requesting: https://github.com/trending/shell
[2026-03-03 01:46:03] INFO - HTTP 200 - https://github.com/trending/shell
[2026-03-03 01:46:03] DEBUG - Parsed 11 items from HTML
[2026-03-03 01:46:03] DEBUG - Requesting: https://github.com/trending/shell?spoken_language_code=zh
[2026-03-03 01:46:04] INFO - HTTP 200 - https://github.com/trending/shell?spoken_language_code=zh
[2026-03-03 01:46:04] DEBUG - Parsed 1 items from HTML
[2026-03-03 01:46:04] INFO - [shell] Merged 12 unique items from both sources
[2026-03-03 01:46:04] INFO - [shell] Added 2 new items to README.md
[2026-03-03 01:46:06] INFO - [css] Starting scrape
[2026-03-03 01:46:06] DEBUG - Requesting: https://github.com/trending/css
[2026-03-03 01:46:07] INFO - HTTP 200 - https://github.com/trending/css
[2026-03-03 01:46:07] DEBUG - Parsed 16 items from HTML
[2026-03-03 01:46:07] DEBUG - Requesting: https://github.com/trending/css?spoken_language_code=zh
[2026-03-03 01:46:08] INFO - HTTP 200 - https://github.com/trending/css?spoken_language_code=zh
[2026-03-03 01:46:08] DEBUG - Parsed 0 items from HTML
[2026-03-03 01:46:08] INFO - [css] Merged 16 unique items from both sources
[2026-03-03 01:46:08] INFO - [css] No new distinct results (all duplicates)
[2026-03-03 01:46:10] INFO - [unknown] Starting scrape
[2026-03-03 01:46:10] DEBUG - Requesting: https://github.com/trending/unknown
[2026-03-03 01:46:11] INFO - HTTP 200 - https://github.com/trending/unknown
[2026-03-03 01:46:11] DEBUG - Parsed 8 items from HTML
[2026-03-03 01:46:11] DEBUG - Requesting: https://github.com/trending/unknown?spoken_language_code=zh
[2026-03-03 01:46:12] INFO - HTTP 200 - https://github.com/trending/unknown?spoken_language_code=zh
[2026-03-03 01:46:12] DEBUG - Parsed 9 items from HTML
[2026-03-03 01:46:12] INFO - [unknown] Merged 17 unique items from both sources
[2026-03-03 01:46:12] INFO - [unknown] Added 2 new items to README.md
[2026-03-03 01:46:14] INFO - ============================================================
[2026-03-03 01:46:14] INFO - Job Summary:
[2026-03-03 01:46:14] INFO -   Languages processed: 15
[2026-03-03 01:46:14] INFO -   Total items scraped: 306
[2026-03-03 01:46:14] INFO -   Errors encountered: 0
[2026-03-03 01:46:14] INFO -   Execution time: 57.88 seconds
[2026-03-03 01:46:14] INFO - ============================================================
